2025-11-22T00:16:08.203-05:00  INFO 278221 --- [SpringApplicationShutdownHook] o.s.b.w.e.tomcat.GracefulShutdown        : Commencing graceful shutdown. Waiting for active requests to complete
2025-11-22T00:16:08.231-05:00  INFO 278221 --- [tomcat-shutdown] o.s.b.w.e.tomcat.GracefulShutdown        : Graceful shutdown complete
2025-11-22T00:16:08.243-05:00  INFO 278221 --- [SpringApplicationShutdownHook] j.LocalContainerEntityManagerFactoryBean : Closing JPA EntityManagerFactory for persistence unit 'default'
2025-11-22T00:16:08.352-05:00  INFO 278221 --- [SpringApplicationShutdownHook] com.zaxxer.hikari.HikariDataSource       : HikariPool-1 - Shutdown initiated...
2025-11-22T00:16:08.355-05:00  INFO 278221 --- [SpringApplicationShutdownHook] com.zaxxer.hikari.HikariDataSource       : HikariPool-1 - Shutdown completed.
2025-11-22T00:17:36.713-05:00  INFO 341159 --- [main] com.ops.ICmaps.ICmapsApplication         : Starting ICmapsApplication using Java 25 with PID 341159 (/home/mohod/projects/ICMaps/target/classes started by mohod in /home/mohod/projects/ICMaps)
2025-11-22T00:17:36.714-05:00  INFO 341159 --- [main] com.ops.ICmaps.ICmapsApplication         : No active profile set, falling back to 1 default profile: "default"
2025-11-22T00:17:37.302-05:00  INFO 341159 --- [main] .s.d.r.c.RepositoryConfigurationDelegate : Bootstrapping Spring Data JPA repositories in DEFAULT mode.
2025-11-22T00:17:37.341-05:00  INFO 341159 --- [main] .s.d.r.c.RepositoryConfigurationDelegate : Finished Spring Data repository scanning in 31 ms. Found 4 JPA repository interfaces.
2025-11-22T00:17:37.669-05:00  INFO 341159 --- [main] o.s.b.w.embedded.tomcat.TomcatWebServer  : Tomcat initialized with port 8080 (http)
2025-11-22T00:17:37.678-05:00  INFO 341159 --- [main] o.apache.catalina.core.StandardService   : Starting service [Tomcat]
2025-11-22T00:17:37.678-05:00  INFO 341159 --- [main] o.apache.catalina.core.StandardEngine    : Starting Servlet engine: [Apache Tomcat/10.1.48]
2025-11-22T00:17:37.703-05:00  INFO 341159 --- [main] o.a.c.c.C.[Tomcat].[localhost].[/]       : Initializing Spring embedded WebApplicationContext
2025-11-22T00:17:37.704-05:00  INFO 341159 --- [main] w.s.c.ServletWebServerApplicationContext : Root WebApplicationContext: initialization completed in 962 ms
2025-11-22T00:17:37.864-05:00  INFO 341159 --- [main] o.hibernate.jpa.internal.util.LogHelper  : HHH000204: Processing PersistenceUnitInfo [name: default]
2025-11-22T00:17:37.910-05:00  INFO 341159 --- [main] org.hibernate.Version                    : HHH000412: Hibernate ORM core version 6.6.33.Final
2025-11-22T00:17:37.932-05:00  INFO 341159 --- [main] o.h.c.internal.RegionFactoryInitiator    : HHH000026: Second-level cache disabled
2025-11-22T00:17:38.118-05:00  INFO 341159 --- [main] o.s.o.j.p.SpringPersistenceUnitInfo      : No LoadTimeWeaver setup: ignoring JPA class transformer
2025-11-22T00:17:38.135-05:00  INFO 341159 --- [main] com.zaxxer.hikari.HikariDataSource       : HikariPool-1 - Starting...
2025-11-22T00:17:38.208-05:00  INFO 341159 --- [main] com.zaxxer.hikari.pool.HikariPool        : HikariPool-1 - Added connection org.sqlite.jdbc4.JDBC4Connection@1e5b33e5
2025-11-22T00:17:38.209-05:00  INFO 341159 --- [main] com.zaxxer.hikari.HikariDataSource       : HikariPool-1 - Start completed.
2025-11-22T00:17:38.233-05:00  INFO 341159 --- [main] org.hibernate.orm.connections.pooling    : HHH10001005: Database info:
	Database JDBC URL [Connecting through datasource 'HikariDataSource (HikariPool-1)']
	Database driver: undefined/unknown
	Database version: 3.49.1
	Autocommit mode: undefined/unknown
	Isolation level: undefined/unknown
	Minimum pool size: undefined/unknown
	Maximum pool size: undefined/unknown
2025-11-22T00:17:38.686-05:00  INFO 341159 --- [main] o.h.e.t.j.p.i.JtaPlatformInitiator       : HHH000489: No JTA platform available (set 'hibernate.transaction.jta.platform' to enable JTA platform integration)
2025-11-22T00:17:38.827-05:00  INFO 341159 --- [main] j.LocalContainerEntityManagerFactoryBean : Initialized JPA EntityManagerFactory for persistence unit 'default'
2025-11-22T00:17:39.040-05:00  INFO 341159 --- [main] o.s.d.j.r.query.QueryEnhancerFactory     : Hibernate is in classpath; If applicable, HQL parser will be used.
2025-11-22T00:17:39.246-05:00  WARN 341159 --- [main] JpaBaseConfiguration$JpaWebConfiguration : spring.jpa.open-in-view is enabled by default. Therefore, database queries may be performed during view rendering. Explicitly configure spring.jpa.open-in-view to disable this warning
2025-11-22T00:17:39.544-05:00  INFO 341159 --- [main] o.s.b.a.e.web.EndpointLinksResolver      : Exposing 1 endpoint beneath base path '/actuator'
2025-11-22T00:17:39.595-05:00  INFO 341159 --- [main] o.s.b.w.embedded.tomcat.TomcatWebServer  : Tomcat started on port 8080 (http) with context path '/'
2025-11-22T00:17:39.604-05:00  INFO 341159 --- [main] com.ops.ICmaps.ICmapsApplication         : Started ICmapsApplication in 3.191 seconds (process running for 3.59)
2025-11-22T00:17:39.714-05:00  INFO 341159 --- [RMI TCP Connection(2)-127.0.0.1] o.a.c.c.C.[Tomcat].[localhost].[/]       : Initializing Spring DispatcherServlet 'dispatcherServlet'
2025-11-22T00:17:39.714-05:00  INFO 341159 --- [RMI TCP Connection(2)-127.0.0.1] o.s.web.servlet.DispatcherServlet        : Initializing Servlet 'dispatcherServlet'
2025-11-22T00:17:39.715-05:00  INFO 341159 --- [RMI TCP Connection(2)-127.0.0.1] o.s.web.servlet.DispatcherServlet        : Completed initialization in 0 ms
2025-11-22T00:17:48.686-05:00  WARN 341159 --- [http-nio-8080-exec-1] o.h.engine.jdbc.spi.SqlExceptionHelper   : SQL Error: 5, SQLState: null
2025-11-22T00:17:48.686-05:00 ERROR 341159 --- [http-nio-8080-exec-1] o.h.engine.jdbc.spi.SqlExceptionHelper   : [SQLITE_BUSY] The database file is locked (database is locked)
2025-11-22T00:17:49.317-05:00  INFO 341159 --- [main] com.ops.ICmaps.LoadDatabase              : Ran - Preloading data from phaseOne.json
2025-11-22T00:18:45.072-05:00  INFO 341159 --- [SpringApplicationShutdownHook] o.s.b.w.e.tomcat.GracefulShutdown        : Commencing graceful shutdown. Waiting for active requests to complete
2025-11-22T00:18:45.080-05:00  INFO 341159 --- [tomcat-shutdown] o.s.b.w.e.tomcat.GracefulShutdown        : Graceful shutdown complete
2025-11-22T00:18:45.085-05:00  INFO 341159 --- [SpringApplicationShutdownHook] j.LocalContainerEntityManagerFactoryBean : Closing JPA EntityManagerFactory for persistence unit 'default'
2025-11-22T00:18:45.187-05:00  INFO 341159 --- [SpringApplicationShutdownHook] com.zaxxer.hikari.HikariDataSource       : HikariPool-1 - Shutdown initiated...
2025-11-22T00:18:45.189-05:00  INFO 341159 --- [SpringApplicationShutdownHook] com.zaxxer.hikari.HikariDataSource       : HikariPool-1 - Shutdown completed.
